[ 2025-08-18 22:26:58,329 ] 1025 httpx - INFO - HTTP Request: POST https://dagshub.com/login/oauth/middleman "HTTP/1.1 200 OK"
[ 2025-08-18 22:26:58,559 ] 1025 httpx - INFO - HTTP Request: POST https://dagshub.com/login/oauth/access_token "HTTP/1.1 200 OK"
[ 2025-08-18 22:26:58,796 ] 1025 httpx - INFO - HTTP Request: GET https://dagshub.com/api/v1/user "HTTP/1.1 200 OK"
[ 2025-08-18 22:26:58,834 ] 107 dagshub - INFO - Accessing as rameshn
[ 2025-08-18 22:26:59,082 ] 1025 httpx - INFO - HTTP Request: GET https://dagshub.com/api/v1/repos/rameshn/networksecurity "HTTP/1.1 200 OK"
[ 2025-08-18 22:26:59,336 ] 1025 httpx - INFO - HTTP Request: GET https://dagshub.com/api/v1/user "HTTP/1.1 200 OK"
[ 2025-08-18 22:26:59,338 ] 107 dagshub - INFO - Initialized MLflow to track repo "rameshn/networksecurity"
[ 2025-08-18 22:26:59,339 ] 107 dagshub - INFO - Repository rameshn/networksecurity initialized!
[ 2025-08-18 22:26:59,349 ] 17 root - INFO - Intitate the data ingestion
[ 2025-08-18 22:27:07,421 ] 73 root - INFO - Performed train test split on the dataframe
[ 2025-08-18 22:27:07,421 ] 75 root - INFO - Exited split_data_as_train_test method of Data_Ingestion class
[ 2025-08-18 22:27:07,421 ] 83 root - INFO - Exporting train and test file path.
[ 2025-08-18 22:27:07,520 ] 92 root - INFO - Exported train and test file path.
[ 2025-08-18 22:27:07,520 ] 19 root - INFO - Data Initiation Completed
[ 2025-08-18 22:27:07,529 ] 22 root - INFO - Initiate data validation
[ 2025-08-18 22:27:07,619 ] 33 root - INFO - Required number of columns:31
[ 2025-08-18 22:27:07,619 ] 34 root - INFO - Data frame has columns:31
[ 2025-08-18 22:27:07,619 ] 33 root - INFO - Required number of columns:31
[ 2025-08-18 22:27:07,619 ] 34 root - INFO - Data frame has columns:31
[ 2025-08-18 22:27:07,831 ] 24 root - INFO - Data Validation Completed
[ 2025-08-18 22:27:07,832 ] 26 root - INFO - Data Transformation Initiated
[ 2025-08-18 22:27:07,832 ] 63 root - INFO - Entered initiate_data_transformation method of DataTransformation class
[ 2025-08-18 22:27:07,832 ] 65 root - INFO - Starting data transformation
[ 2025-08-18 22:27:07,867 ] 48 root - INFO - Entered get_data_transformer_object method of Transformation class
[ 2025-08-18 22:27:07,867 ] 53 root - INFO - Initialise KNNImputer with {'missing_values': nan, 'n_neighbors': 3, 'weights': 'uniform'}
[ 2025-08-18 22:27:07,916 ] 46 root - INFO - Entered the save_object method of MainUtils class
[ 2025-08-18 22:27:07,919 ] 50 root - INFO - Exited the save_object method of MainUtils class
[ 2025-08-18 22:27:07,919 ] 46 root - INFO - Entered the save_object method of MainUtils class
[ 2025-08-18 22:27:07,923 ] 50 root - INFO - Exited the save_object method of MainUtils class
[ 2025-08-18 22:27:07,924 ] 31 root - INFO - Data Transformation Completed
[ 2025-08-18 22:27:07,924 ] 32 root - INFO - Model training started
