[ 2025-08-18 22:59:15,136 ] 1025 httpx - INFO - HTTP Request: GET https://dagshub.com/api/v1/user "HTTP/1.1 200 OK"
[ 2025-08-18 22:59:15,141 ] 107 dagshub - INFO - Accessing as rameshn
[ 2025-08-18 22:59:15,439 ] 1025 httpx - INFO - HTTP Request: GET https://dagshub.com/api/v1/repos/rameshn/networksecurity "HTTP/1.1 200 OK"
[ 2025-08-18 22:59:15,632 ] 1025 httpx - INFO - HTTP Request: GET https://dagshub.com/api/v1/user "HTTP/1.1 200 OK"
[ 2025-08-18 22:59:15,634 ] 107 dagshub - INFO - Initialized MLflow to track repo "rameshn/networksecurity"
[ 2025-08-18 22:59:15,635 ] 107 dagshub - INFO - Repository rameshn/networksecurity initialized!
[ 2025-08-18 23:00:08,394 ] 42 root - INFO - Start data Ingestion
[ 2025-08-18 23:00:13,881 ] 73 root - INFO - Performed train test split on the dataframe
[ 2025-08-18 23:00:13,882 ] 75 root - INFO - Exited split_data_as_train_test method of Data_Ingestion class
[ 2025-08-18 23:00:13,882 ] 83 root - INFO - Exporting train and test file path.
[ 2025-08-18 23:00:14,016 ] 92 root - INFO - Exported train and test file path.
[ 2025-08-18 23:00:14,017 ] 45 root - INFO - Data Ingestion completed and artifact: DataIngestionArtifact(trained_file_path='Artifacts\\08_18_2025_22_59_12\\data_ingestion\\ingested\\train.csv', test_file_path='Artifacts\\08_18_2025_22_59_12\\data_ingestion\\ingested\\test.csv')
[ 2025-08-18 23:00:14,024 ] 55 root - INFO - Initiate the data Validation
[ 2025-08-18 23:00:14,096 ] 33 root - INFO - Required number of columns:31
[ 2025-08-18 23:00:14,096 ] 34 root - INFO - Data frame has columns:31
[ 2025-08-18 23:00:14,096 ] 33 root - INFO - Required number of columns:31
[ 2025-08-18 23:00:14,096 ] 34 root - INFO - Data frame has columns:31
[ 2025-08-18 23:00:14,431 ] 63 root - INFO - Entered initiate_data_transformation method of DataTransformation class
[ 2025-08-18 23:00:14,431 ] 65 root - INFO - Starting data transformation
[ 2025-08-18 23:00:14,472 ] 48 root - INFO - Entered get_data_transformer_object method of Transformation class
[ 2025-08-18 23:00:14,472 ] 53 root - INFO - Initialise KNNImputer with {'missing_values': nan, 'n_neighbors': 3, 'weights': 'uniform'}
[ 2025-08-18 23:00:14,521 ] 46 root - INFO - Entered the save_object method of MainUtils class
[ 2025-08-18 23:00:14,524 ] 50 root - INFO - Exited the save_object method of MainUtils class
[ 2025-08-18 23:00:14,525 ] 46 root - INFO - Entered the save_object method of MainUtils class
[ 2025-08-18 23:00:14,528 ] 50 root - INFO - Exited the save_object method of MainUtils class
